Vivado Simulator 2020.1
Time resolution is 1 ps
Stopped at time : 81 ns : File "E:/Cloud/OneDrive - Universidad de Cundinamarca/Programacion/VIVADO/Arquitectura_4bits/Arquitectura_4bits.srcs/sim_1/new/arquitectura_tb.vhd" Line 58
Stopped at time : 81 ns : File "E:/Cloud/OneDrive - Universidad de Cundinamarca/Programacion/VIVADO/Arquitectura_4bits/Arquitectura_4bits.srcs/sources_1/new/Unidad_control.vhd" Line 64
Stopped at time : 81 ns : File "E:/Cloud/OneDrive - Universidad de Cundinamarca/Programacion/VIVADO/Arquitectura_4bits/Arquitectura_4bits.srcs/sources_1/new/Unidad_control.vhd" Line 66
Stopped at time : 81 ns : File "E:/Cloud/OneDrive - Universidad de Cundinamarca/Programacion/VIVADO/Arquitectura_4bits/Arquitectura_4bits.srcs/sources_1/new/Unidad_control.vhd" Line 78
Stopped at time : 81 ns : File "E:/Cloud/OneDrive - Universidad de Cundinamarca/Programacion/VIVADO/Arquitectura_4bits/Arquitectura_4bits.srcs/sources_1/new/Unidad_control.vhd" Line 91
Stopped at time : 81 ns : File "E:/Cloud/OneDrive - Universidad de Cundinamarca/Programacion/VIVADO/Arquitectura_4bits/Arquitectura_4bits.srcs/sources_1/new/Unidad_control.vhd" Line 96
Stopped at time : 81 ns : File "E:/Cloud/OneDrive - Universidad de Cundinamarca/Programacion/VIVADO/Arquitectura_4bits/Arquitectura_4bits.srcs/sources_1/new/Unidad_control.vhd" Line 101
Stopped at time : 81 ns : File "E:/Cloud/OneDrive - Universidad de Cundinamarca/Programacion/VIVADO/Arquitectura_4bits/Arquitectura_4bits.srcs/sources_1/new/Unidad_control.vhd" Line 107
Stopped at time : 81 ns : File "E:/Cloud/OneDrive - Universidad de Cundinamarca/Programacion/VIVADO/Arquitectura_4bits/Arquitectura_4bits.srcs/sources_1/new/Unidad_control.vhd" Line 111
Stopped at time : 81 ns : File "E:/Cloud/OneDrive - Universidad de Cundinamarca/Programacion/VIVADO/Arquitectura_4bits/Arquitectura_4bits.srcs/sources_1/new/Unidad_control.vhd" Line 113
Stopped at time : 81 ns : File "E:/Cloud/OneDrive - Universidad de Cundinamarca/Programacion/VIVADO/Arquitectura_4bits/Arquitectura_4bits.srcs/sources_1/new/Unidad_control.vhd" Line 123
Stopped at time : 81 ns : File "E:/Cloud/OneDrive - Universidad de Cundinamarca/Programacion/VIVADO/Arquitectura_4bits/Arquitectura_4bits.srcs/sources_1/new/Unidad_control.vhd" Line 126
Stopped at time : 81 ns : File "E:/Cloud/OneDrive - Universidad de Cundinamarca/Programacion/VIVADO/Arquitectura_4bits/Arquitectura_4bits.srcs/sources_1/new/Unidad_control.vhd" Line 131
Stopped at time : 81 ns : File "E:/Cloud/OneDrive - Universidad de Cundinamarca/Programacion/VIVADO/Arquitectura_4bits/Arquitectura_4bits.srcs/sources_1/new/Unidad_control.vhd" Line 132
Stopped at time : 81 ns : File "E:/Cloud/OneDrive - Universidad de Cundinamarca/Programacion/VIVADO/Arquitectura_4bits/Arquitectura_4bits.srcs/sources_1/new/Unidad_control.vhd" Line 152
Stopped at time : 81 ns : File "E:/Cloud/OneDrive - Universidad de Cundinamarca/Programacion/VIVADO/Arquitectura_4bits/Arquitectura_4bits.srcs/sources_1/imports/VIVADO/ROM.vhd" Line 89
Stopped at time : 81 ns : File "E:/Cloud/OneDrive - Universidad de Cundinamarca/Programacion/VIVADO/Arquitectura_4bits/Arquitectura_4bits.srcs/sources_1/imports/VIVADO/ROM.vhd" Line 91
Stopped at time : 81 ns : File "E:/Cloud/OneDrive - Universidad de Cundinamarca/Programacion/VIVADO/Arquitectura_4bits/Arquitectura_4bits.srcs/sources_1/new/registro_w.vhd" Line 47
Stopped at time : 81 ns : File "E:/Cloud/OneDrive - Universidad de Cundinamarca/Programacion/VIVADO/Arquitectura_4bits/Arquitectura_4bits.srcs/sources_1/new/registro_w.vhd" Line 48
Stopped at time : 81 ns : File "E:/Cloud/OneDrive - Universidad de Cundinamarca/Programacion/VIVADO/Arquitectura_4bits/Arquitectura_4bits.srcs/sources_1/imports/VIVADO/RAM.vhd" Line 66
Stopped at time : 81 ns : File "E:/Cloud/OneDrive - Universidad de Cundinamarca/Programacion/VIVADO/Arquitectura_4bits/Arquitectura_4bits.srcs/sources_1/imports/VIVADO/RAM.vhd" Line 68
Stopped at time : 81 ns : File "E:/Cloud/OneDrive - Universidad de Cundinamarca/Programacion/VIVADO/Arquitectura_4bits/Arquitectura_4bits.srcs/sources_1/imports/VIVADO/RAM.vhd" Line 70
Stopped at time : 81 ns : File "E:/Cloud/OneDrive - Universidad de Cundinamarca/Programacion/VIVADO/Arquitectura_4bits/Arquitectura_4bits.srcs/sources_1/new/Operaciones_ALU.vhd" Line 47
Stopped at time : 81 ns : File "E:/Cloud/OneDrive - Universidad de Cundinamarca/Programacion/VIVADO/Arquitectura_4bits/Arquitectura_4bits.srcs/sources_1/new/arquitectura.vhd" Line 176
Stopped at time : 82 ns : File "E:/Cloud/OneDrive - Universidad de Cundinamarca/Programacion/VIVADO/Arquitectura_4bits/Arquitectura_4bits.srcs/sim_1/new/arquitectura_tb.vhd" Line 58
Stopped at time : 82 ns : File "E:/Cloud/OneDrive - Universidad de Cundinamarca/Programacion/VIVADO/Arquitectura_4bits/Arquitectura_4bits.srcs/sources_1/new/Unidad_control.vhd" Line 64
Stopped at time : 82 ns : File "E:/Cloud/OneDrive - Universidad de Cundinamarca/Programacion/VIVADO/Arquitectura_4bits/Arquitectura_4bits.srcs/sources_1/imports/VIVADO/ROM.vhd" Line 89
Stopped at time : 82 ns : File "E:/Cloud/OneDrive - Universidad de Cundinamarca/Programacion/VIVADO/Arquitectura_4bits/Arquitectura_4bits.srcs/sources_1/new/registro_w.vhd" Line 47
Stopped at time : 82 ns : File "E:/Cloud/OneDrive - Universidad de Cundinamarca/Programacion/VIVADO/Arquitectura_4bits/Arquitectura_4bits.srcs/sources_1/imports/VIVADO/RAM.vhd" Line 66
Stopped at time : 83 ns : File "E:/Cloud/OneDrive - Universidad de Cundinamarca/Programacion/VIVADO/Arquitectura_4bits/Arquitectura_4bits.srcs/sim_1/new/arquitectura_tb.vhd" Line 58
Stopped at time : 83 ns : File "E:/Cloud/OneDrive - Universidad de Cundinamarca/Programacion/VIVADO/Arquitectura_4bits/Arquitectura_4bits.srcs/sources_1/new/Unidad_control.vhd" Line 64
Stopped at time : 83 ns : File "E:/Cloud/OneDrive - Universidad de Cundinamarca/Programacion/VIVADO/Arquitectura_4bits/Arquitectura_4bits.srcs/sources_1/new/Unidad_control.vhd" Line 66
Stopped at time : 83 ns : File "E:/Cloud/OneDrive - Universidad de Cundinamarca/Programacion/VIVADO/Arquitectura_4bits/Arquitectura_4bits.srcs/sources_1/new/Unidad_control.vhd" Line 78
Stopped at time : 83 ns : File "E:/Cloud/OneDrive - Universidad de Cundinamarca/Programacion/VIVADO/Arquitectura_4bits/Arquitectura_4bits.srcs/sources_1/new/Unidad_control.vhd" Line 91
Stopped at time : 83 ns : File "E:/Cloud/OneDrive - Universidad de Cundinamarca/Programacion/VIVADO/Arquitectura_4bits/Arquitectura_4bits.srcs/sources_1/new/Unidad_control.vhd" Line 96
Stopped at time : 83 ns : File "E:/Cloud/OneDrive - Universidad de Cundinamarca/Programacion/VIVADO/Arquitectura_4bits/Arquitectura_4bits.srcs/sources_1/new/Unidad_control.vhd" Line 101
Stopped at time : 83 ns : File "E:/Cloud/OneDrive - Universidad de Cundinamarca/Programacion/VIVADO/Arquitectura_4bits/Arquitectura_4bits.srcs/sources_1/new/Unidad_control.vhd" Line 107
Stopped at time : 83 ns : File "E:/Cloud/OneDrive - Universidad de Cundinamarca/Programacion/VIVADO/Arquitectura_4bits/Arquitectura_4bits.srcs/sources_1/new/Unidad_control.vhd" Line 111
Stopped at time : 83 ns : File "E:/Cloud/OneDrive - Universidad de Cundinamarca/Programacion/VIVADO/Arquitectura_4bits/Arquitectura_4bits.srcs/sources_1/new/Unidad_control.vhd" Line 134
Stopped at time : 83 ns : File "E:/Cloud/OneDrive - Universidad de Cundinamarca/Programacion/VIVADO/Arquitectura_4bits/Arquitectura_4bits.srcs/sources_1/new/Unidad_control.vhd" Line 136
Stopped at time : 83 ns : File "E:/Cloud/OneDrive - Universidad de Cundinamarca/Programacion/VIVADO/Arquitectura_4bits/Arquitectura_4bits.srcs/sources_1/new/Unidad_control.vhd" Line 137
Stopped at time : 83 ns : File "E:/Cloud/OneDrive - Universidad de Cundinamarca/Programacion/VIVADO/Arquitectura_4bits/Arquitectura_4bits.srcs/sources_1/new/Unidad_control.vhd" Line 143
Stopped at time : 83 ns : File "E:/Cloud/OneDrive - Universidad de Cundinamarca/Programacion/VIVADO/Arquitectura_4bits/Arquitectura_4bits.srcs/sources_1/new/Unidad_control.vhd" Line 152
Stopped at time : 83 ns : File "E:/Cloud/OneDrive - Universidad de Cundinamarca/Programacion/VIVADO/Arquitectura_4bits/Arquitectura_4bits.srcs/sources_1/imports/VIVADO/ROM.vhd" Line 89
Stopped at time : 83 ns : File "E:/Cloud/OneDrive - Universidad de Cundinamarca/Programacion/VIVADO/Arquitectura_4bits/Arquitectura_4bits.srcs/sources_1/imports/VIVADO/ROM.vhd" Line 91
Stopped at time : 83 ns : File "E:/Cloud/OneDrive - Universidad de Cundinamarca/Programacion/VIVADO/Arquitectura_4bits/Arquitectura_4bits.srcs/sources_1/new/registro_w.vhd" Line 47
Stopped at time : 83 ns : File "E:/Cloud/OneDrive - Universidad de Cundinamarca/Programacion/VIVADO/Arquitectura_4bits/Arquitectura_4bits.srcs/sources_1/new/registro_w.vhd" Line 48
Stopped at time : 83 ns : File "E:/Cloud/OneDrive - Universidad de Cundinamarca/Programacion/VIVADO/Arquitectura_4bits/Arquitectura_4bits.srcs/sources_1/imports/VIVADO/RAM.vhd" Line 66
Stopped at time : 83 ns : File "E:/Cloud/OneDrive - Universidad de Cundinamarca/Programacion/VIVADO/Arquitectura_4bits/Arquitectura_4bits.srcs/sources_1/imports/VIVADO/RAM.vhd" Line 68
Stopped at time : 83 ns : File "E:/Cloud/OneDrive - Universidad de Cundinamarca/Programacion/VIVADO/Arquitectura_4bits/Arquitectura_4bits.srcs/sources_1/imports/VIVADO/RAM.vhd" Line 70
Stopped at time : 84 ns : File "E:/Cloud/OneDrive - Universidad de Cundinamarca/Programacion/VIVADO/Arquitectura_4bits/Arquitectura_4bits.srcs/sim_1/new/arquitectura_tb.vhd" Line 58
Stopped at time : 84 ns : File "E:/Cloud/OneDrive - Universidad de Cundinamarca/Programacion/VIVADO/Arquitectura_4bits/Arquitectura_4bits.srcs/sources_1/new/Unidad_control.vhd" Line 64
Stopped at time : 84 ns : File "E:/Cloud/OneDrive - Universidad de Cundinamarca/Programacion/VIVADO/Arquitectura_4bits/Arquitectura_4bits.srcs/sources_1/imports/VIVADO/ROM.vhd" Line 89
Stopped at time : 84 ns : File "E:/Cloud/OneDrive - Universidad de Cundinamarca/Programacion/VIVADO/Arquitectura_4bits/Arquitectura_4bits.srcs/sources_1/new/registro_w.vhd" Line 47
Stopped at time : 84 ns : File "E:/Cloud/OneDrive - Universidad de Cundinamarca/Programacion/VIVADO/Arquitectura_4bits/Arquitectura_4bits.srcs/sources_1/imports/VIVADO/RAM.vhd" Line 66
Stopped at time : 85 ns : File "E:/Cloud/OneDrive - Universidad de Cundinamarca/Programacion/VIVADO/Arquitectura_4bits/Arquitectura_4bits.srcs/sim_1/new/arquitectura_tb.vhd" Line 58
Stopped at time : 85 ns : File "E:/Cloud/OneDrive - Universidad de Cundinamarca/Programacion/VIVADO/Arquitectura_4bits/Arquitectura_4bits.srcs/sources_1/new/Unidad_control.vhd" Line 64
Stopped at time : 85 ns : File "E:/Cloud/OneDrive - Universidad de Cundinamarca/Programacion/VIVADO/Arquitectura_4bits/Arquitectura_4bits.srcs/sources_1/new/Unidad_control.vhd" Line 66
Stopped at time : 85 ns : File "E:/Cloud/OneDrive - Universidad de Cundinamarca/Programacion/VIVADO/Arquitectura_4bits/Arquitectura_4bits.srcs/sources_1/new/Unidad_control.vhd" Line 78
Stopped at time : 85 ns : File "E:/Cloud/OneDrive - Universidad de Cundinamarca/Programacion/VIVADO/Arquitectura_4bits/Arquitectura_4bits.srcs/sources_1/new/Unidad_control.vhd" Line 91
Stopped at time : 85 ns : File "E:/Cloud/OneDrive - Universidad de Cundinamarca/Programacion/VIVADO/Arquitectura_4bits/Arquitectura_4bits.srcs/sources_1/new/Unidad_control.vhd" Line 96
Stopped at time : 85 ns : File "E:/Cloud/OneDrive - Universidad de Cundinamarca/Programacion/VIVADO/Arquitectura_4bits/Arquitectura_4bits.srcs/sources_1/new/Unidad_control.vhd" Line 101
Stopped at time : 85 ns : File "E:/Cloud/OneDrive - Universidad de Cundinamarca/Programacion/VIVADO/Arquitectura_4bits/Arquitectura_4bits.srcs/sources_1/new/Unidad_control.vhd" Line 107
Stopped at time : 85 ns : File "E:/Cloud/OneDrive - Universidad de Cundinamarca/Programacion/VIVADO/Arquitectura_4bits/Arquitectura_4bits.srcs/sources_1/new/Unidad_control.vhd" Line 111
Stopped at time : 85 ns : File "E:/Cloud/OneDrive - Universidad de Cundinamarca/Programacion/VIVADO/Arquitectura_4bits/Arquitectura_4bits.srcs/sources_1/new/Unidad_control.vhd" Line 134
Stopped at time : 85 ns : File "E:/Cloud/OneDrive - Universidad de Cundinamarca/Programacion/VIVADO/Arquitectura_4bits/Arquitectura_4bits.srcs/sources_1/new/Unidad_control.vhd" Line 145
Stopped at time : 85 ns : File "E:/Cloud/OneDrive - Universidad de Cundinamarca/Programacion/VIVADO/Arquitectura_4bits/Arquitectura_4bits.srcs/sources_1/new/Unidad_control.vhd" Line 147
Stopped at time : 85 ns : File "E:/Cloud/OneDrive - Universidad de Cundinamarca/Programacion/VIVADO/Arquitectura_4bits/Arquitectura_4bits.srcs/sources_1/new/Unidad_control.vhd" Line 152
Stopped at time : 85 ns : File "E:/Cloud/OneDrive - Universidad de Cundinamarca/Programacion/VIVADO/Arquitectura_4bits/Arquitectura_4bits.srcs/sources_1/imports/VIVADO/ROM.vhd" Line 89
Stopped at time : 85 ns : File "E:/Cloud/OneDrive - Universidad de Cundinamarca/Programacion/VIVADO/Arquitectura_4bits/Arquitectura_4bits.srcs/sources_1/imports/VIVADO/ROM.vhd" Line 91
Stopped at time : 85 ns : File "E:/Cloud/OneDrive - Universidad de Cundinamarca/Programacion/VIVADO/Arquitectura_4bits/Arquitectura_4bits.srcs/sources_1/new/registro_w.vhd" Line 47
Stopped at time : 85 ns : File "E:/Cloud/OneDrive - Universidad de Cundinamarca/Programacion/VIVADO/Arquitectura_4bits/Arquitectura_4bits.srcs/sources_1/new/registro_w.vhd" Line 48
Stopped at time : 85 ns : File "E:/Cloud/OneDrive - Universidad de Cundinamarca/Programacion/VIVADO/Arquitectura_4bits/Arquitectura_4bits.srcs/sources_1/imports/VIVADO/RAM.vhd" Line 66
Stopped at time : 85 ns : File "E:/Cloud/OneDrive - Universidad de Cundinamarca/Programacion/VIVADO/Arquitectura_4bits/Arquitectura_4bits.srcs/sources_1/imports/VIVADO/RAM.vhd" Line 68
Stopped at time : 85 ns : File "E:/Cloud/OneDrive - Universidad de Cundinamarca/Programacion/VIVADO/Arquitectura_4bits/Arquitectura_4bits.srcs/sources_1/imports/VIVADO/RAM.vhd" Line 70
Stopped at time : 85 ns : File "E:/Cloud/OneDrive - Universidad de Cundinamarca/Programacion/VIVADO/Arquitectura_4bits/Arquitectura_4bits.srcs/sources_1/new/Operaciones_ALU.vhd" Line 47
Stopped at time : 85 ns : File "E:/Cloud/OneDrive - Universidad de Cundinamarca/Programacion/VIVADO/Arquitectura_4bits/Arquitectura_4bits.srcs/sources_1/new/arquitectura.vhd" Line 175
Stopped at time : 85 ns : File "E:/Cloud/OneDrive - Universidad de Cundinamarca/Programacion/VIVADO/Arquitectura_4bits/Arquitectura_4bits.srcs/sources_1/new/arquitectura.vhd" Line 176
Stopped at time : 86 ns : File "E:/Cloud/OneDrive - Universidad de Cundinamarca/Programacion/VIVADO/Arquitectura_4bits/Arquitectura_4bits.srcs/sim_1/new/arquitectura_tb.vhd" Line 58
Stopped at time : 86 ns : File "E:/Cloud/OneDrive - Universidad de Cundinamarca/Programacion/VIVADO/Arquitectura_4bits/Arquitectura_4bits.srcs/sources_1/new/Unidad_control.vhd" Line 64
Stopped at time : 86 ns : File "E:/Cloud/OneDrive - Universidad de Cundinamarca/Programacion/VIVADO/Arquitectura_4bits/Arquitectura_4bits.srcs/sources_1/imports/VIVADO/ROM.vhd" Line 89
Stopped at time : 86 ns : File "E:/Cloud/OneDrive - Universidad de Cundinamarca/Programacion/VIVADO/Arquitectura_4bits/Arquitectura_4bits.srcs/sources_1/new/registro_w.vhd" Line 47
