Vivado Simulator 2020.1
Time resolution is 1 ps
Stopped at time : 18316092 ns : File "E:/Cloud/OneDrive - Universidad de Cundinamarca/Programacion/VIVADO/Registros_ROM_RAM/Registros_ROM_RAM.srcs/sim_1/new/Registros_tb.vhd" Line 45
Stopped at time : 18316092 ns : File "E:/Cloud/OneDrive - Universidad de Cundinamarca/Programacion/VIVADO/Registros_ROM_RAM/Registros_ROM_RAM.srcs/sources_1/new/unidad_control.vhd" Line 53
Stopped at time : 18316092 ns : File "E:/Cloud/OneDrive - Universidad de Cundinamarca/Programacion/VIVADO/ROM.vhd" Line 61
Stopped at time : 18316092 ns : File "E:/Cloud/OneDrive - Universidad de Cundinamarca/Programacion/VIVADO/RAM.vhd" Line 67
Stopped at time : 18316093 ns : File "E:/Cloud/OneDrive - Universidad de Cundinamarca/Programacion/VIVADO/Registros_ROM_RAM/Registros_ROM_RAM.srcs/sim_1/new/Registros_tb.vhd" Line 45
Stopped at time : 18316093 ns : File "E:/Cloud/OneDrive - Universidad de Cundinamarca/Programacion/VIVADO/Registros_ROM_RAM/Registros_ROM_RAM.srcs/sources_1/new/unidad_control.vhd" Line 53
Stopped at time : 18316093 ns : File "E:/Cloud/OneDrive - Universidad de Cundinamarca/Programacion/VIVADO/Registros_ROM_RAM/Registros_ROM_RAM.srcs/sources_1/new/unidad_control.vhd" Line 55
Stopped at time : 18316093 ns : File "E:/Cloud/OneDrive - Universidad de Cundinamarca/Programacion/VIVADO/Registros_ROM_RAM/Registros_ROM_RAM.srcs/sources_1/new/unidad_control.vhd" Line 59
Stopped at time : 18316093 ns : File "E:/Cloud/OneDrive - Universidad de Cundinamarca/Programacion/VIVADO/Registros_ROM_RAM/Registros_ROM_RAM.srcs/sources_1/new/unidad_control.vhd" Line 65
Stopped at time : 18316093 ns : File "E:/Cloud/OneDrive - Universidad de Cundinamarca/Programacion/VIVADO/Registros_ROM_RAM/Registros_ROM_RAM.srcs/sources_1/new/unidad_control.vhd" Line 71
Stopped at time : 18316093 ns : File "E:/Cloud/OneDrive - Universidad de Cundinamarca/Programacion/VIVADO/Registros_ROM_RAM/Registros_ROM_RAM.srcs/sources_1/new/unidad_control.vhd" Line 77
Stopped at time : 18316093 ns : File "E:/Cloud/OneDrive - Universidad de Cundinamarca/Programacion/VIVADO/Registros_ROM_RAM/Registros_ROM_RAM.srcs/sources_1/new/unidad_control.vhd" Line 83
Stopped at time : 18316093 ns : File "E:/Cloud/OneDrive - Universidad de Cundinamarca/Programacion/VIVADO/Registros_ROM_RAM/Registros_ROM_RAM.srcs/sources_1/new/unidad_control.vhd" Line 89
Stopped at time : 18316093 ns : File "E:/Cloud/OneDrive - Universidad de Cundinamarca/Programacion/VIVADO/Registros_ROM_RAM/Registros_ROM_RAM.srcs/sources_1/new/unidad_control.vhd" Line 90
Stopped at time : 18316093 ns : File "E:/Cloud/OneDrive - Universidad de Cundinamarca/Programacion/VIVADO/Registros_ROM_RAM/Registros_ROM_RAM.srcs/sources_1/new/unidad_control.vhd" Line 91
Stopped at time : 18316093 ns : File "E:/Cloud/OneDrive - Universidad de Cundinamarca/Programacion/VIVADO/Registros_ROM_RAM/Registros_ROM_RAM.srcs/sources_1/new/unidad_control.vhd" Line 92
Stopped at time : 18316093 ns : File "E:/Cloud/OneDrive - Universidad de Cundinamarca/Programacion/VIVADO/Registros_ROM_RAM/Registros_ROM_RAM.srcs/sources_1/new/unidad_control.vhd" Line 93
Stopped at time : 18316093 ns : File "E:/Cloud/OneDrive - Universidad de Cundinamarca/Programacion/VIVADO/ROM.vhd" Line 61
Stopped at time : 18316093 ns : File "E:/Cloud/OneDrive - Universidad de Cundinamarca/Programacion/VIVADO/ROM.vhd" Line 63
Stopped at time : 18316093 ns : File "E:/Cloud/OneDrive - Universidad de Cundinamarca/Programacion/VIVADO/RAM.vhd" Line 67
Stopped at time : 18316093 ns : File "E:/Cloud/OneDrive - Universidad de Cundinamarca/Programacion/VIVADO/RAM.vhd" Line 69
Stopped at time : 18316093 ns : File "E:/Cloud/OneDrive - Universidad de Cundinamarca/Programacion/VIVADO/RAM.vhd" Line 73
Stopped at time : 18316093 ns : File "E:/Cloud/OneDrive - Universidad de Cundinamarca/Programacion/VIVADO/RAM.vhd" Line 75
Stopped at time : 18316093 ns : File "E:/Cloud/OneDrive - Universidad de Cundinamarca/Programacion/VIVADO/Registros_ROM_RAM/Registros_ROM_RAM.srcs/sources_1/new/operacion.vhd" Line 43
Stopped at time : 18316094 ns : File "E:/Cloud/OneDrive -